[INFO ] 2023-01-08 15:29:29.307 [main] FrameWorkProject-Url opend
[INFO ] 2023-01-08 15:29:30.447 [main] FrameWorkProject-clicked on get started btn
[INFO ] 2023-01-08 15:29:31.818 [main] FrameWorkProject-Homepage open
[INFO ] 2023-01-08 15:29:34.757 [main] FrameWorkProject-Entered password 
[INFO ] 2023-01-08 15:29:34.886 [main] FrameWorkProject-Entered confirm password
[INFO ] 2023-01-08 15:29:35.428 [main] FrameWorkProject-Entered password 
[INFO ] 2023-01-08 15:29:35.575 [main] FrameWorkProject-Entered confirm password
[INFO ] 2023-01-08 15:29:36.145 [main] FrameWorkProject-Entered password 
[INFO ] 2023-01-08 15:29:36.298 [main] FrameWorkProject-Entered confirm password
[INFO ] 2023-01-08 15:29:36.843 [main] FrameWorkProject-Entered password 
[INFO ] 2023-01-08 15:29:37.011 [main] FrameWorkProject-Entered confirm password
[INFO ] 2023-01-08 15:29:37.509 [main] FrameWorkProject-Entered password 
[INFO ] 2023-01-08 15:29:37.634 [main] FrameWorkProject-Entered confirm password
[INFO ] 2023-01-08 15:29:38.179 [main] FrameWorkProject-Entered password 
[INFO ] 2023-01-08 15:29:38.373 [main] FrameWorkProject-Entered confirm password
[INFO ] 2023-01-08 15:29:40.072 [main] FrameWorkProject-user name provided
[INFO ] 2023-01-08 15:29:40.205 [main] FrameWorkProject-password provided
[INFO ] 2023-01-08 15:29:40.966 [main] FrameWorkProject-user name provided
[INFO ] 2023-01-08 15:29:41.079 [main] FrameWorkProject-password provided
[INFO ] 2023-01-08 15:29:41.791 [main] FrameWorkProject-user name provided
[INFO ] 2023-01-08 15:29:41.974 [main] FrameWorkProject-password provided
[INFO ] 2023-01-08 15:29:44.771 [main] FrameWorkProject-Message Sent 
[INFO ] 2023-01-08 15:29:45.741 [main] FrameWorkProject-SignOut properly 
[INFO ] 2023-02-07 10:36:47.361 [main] FrameWorkProject-Url opend
[INFO ] 2023-02-07 10:36:48.851 [main] FrameWorkProject-clicked on get started btn
[INFO ] 2023-02-07 10:36:50.417 [main] FrameWorkProject-Homepage open
[INFO ] 2023-02-07 10:36:54.531 [main] FrameWorkProject-Entered password 
[INFO ] 2023-02-07 10:36:54.839 [main] FrameWorkProject-Entered confirm password
[INFO ] 2023-02-07 10:36:55.570 [main] FrameWorkProject-Entered password 
[INFO ] 2023-02-07 10:36:55.720 [main] FrameWorkProject-Entered confirm password
[INFO ] 2023-02-07 10:36:56.435 [main] FrameWorkProject-Entered password 
[INFO ] 2023-02-07 10:36:56.598 [main] FrameWorkProject-Entered confirm password
[INFO ] 2023-02-07 10:36:57.219 [main] FrameWorkProject-Entered password 
[INFO ] 2023-02-07 10:36:57.397 [main] FrameWorkProject-Entered confirm password
[INFO ] 2023-02-07 10:36:58.114 [main] FrameWorkProject-Entered password 
[INFO ] 2023-02-07 10:36:58.272 [main] FrameWorkProject-Entered confirm password
[INFO ] 2023-02-07 10:36:58.919 [main] FrameWorkProject-Entered password 
[INFO ] 2023-02-07 10:36:59.136 [main] FrameWorkProject-Entered confirm password
[INFO ] 2023-02-07 10:37:03.051 [main] FrameWorkProject-user name provided
