[INFO ] 2023-01-06 18:04:10.351 [main] DS-Algo-Url opend
[INFO ] 2023-01-06 18:04:11.690 [main] DS-Algo-clicked on get started btn
[INFO ] 2023-01-06 18:04:13.464 [main] DS-Algo-Homepage open
[INFO ] 2023-01-06 18:04:16.458 [main] DS-Algo-Entered username
[INFO ] 2023-01-06 18:04:16.606 [main] DS-Algo-Entered password 
[INFO ] 2023-01-06 18:04:16.818 [main] DS-Algo-Entered confirm password
[INFO ] 2023-01-06 18:04:17.212 [main] DS-Algo-Entered username
[INFO ] 2023-01-06 18:04:17.323 [main] DS-Algo-Entered password 
[INFO ] 2023-01-06 18:04:17.425 [main] DS-Algo-Entered confirm password
[INFO ] 2023-01-06 18:04:17.876 [main] DS-Algo-Entered username
[INFO ] 2023-01-06 18:04:18.036 [main] DS-Algo-Entered password 
[INFO ] 2023-01-06 18:04:18.184 [main] DS-Algo-Entered confirm password
[INFO ] 2023-01-06 18:04:18.911 [main] DS-Algo-Entered username
[INFO ] 2023-01-06 18:04:19.076 [main] DS-Algo-Entered password 
[INFO ] 2023-01-06 18:04:19.247 [main] DS-Algo-Entered confirm password
[INFO ] 2023-01-06 18:04:19.639 [main] DS-Algo-Entered username
[INFO ] 2023-01-06 18:04:19.776 [main] DS-Algo-Entered password 
[INFO ] 2023-01-06 18:04:19.909 [main] DS-Algo-Entered confirm password
[INFO ] 2023-01-06 18:04:20.297 [main] DS-Algo-Entered username
[INFO ] 2023-01-06 18:04:20.443 [main] DS-Algo-Entered password 
[INFO ] 2023-01-06 18:04:20.600 [main] DS-Algo-Entered confirm password
[INFO ] 2023-01-06 18:04:22.339 [main] DS-Algo-user name provided
[INFO ] 2023-01-06 18:04:22.501 [main] DS-Algo-password provided
[INFO ] 2023-01-06 18:04:23.289 [main] DS-Algo-user name provided
[INFO ] 2023-01-06 18:04:23.425 [main] DS-Algo-password provided
[INFO ] 2023-01-06 18:04:24.204 [main] DS-Algo-user name provided
[INFO ] 2023-01-06 18:04:24.376 [main] DS-Algo-password provided
[INFO ] 2023-01-06 18:04:27.442 [main] DS-Algo-Message Sent 
[INFO ] 2023-01-06 18:04:29.229 [main] DS-Algo-SignOut properly 
[INFO ] 2023-01-06 18:04:30.939 [main] DS-Algo-Entered username
[INFO ] 2023-01-06 18:04:31.735 [main] DS-Algo-Entered password
[INFO ] 2023-01-06 18:04:33.161 [main] DS-Algo-VerifyLogin-Failed
[INFO ] 2023-01-06 18:04:34.711 [main] DS-Algo-Message sent succesfully
[INFO ] 2023-01-06 18:04:36.444 [main] DS-Algo-Message sent succesfully
[INFO ] 2023-01-06 18:04:38.675 [main] DS-Algo-Message sent succesfully
[INFO ] 2023-01-07 17:33:12.093 [main] DS-Algo-Url opend
[INFO ] 2023-01-07 17:33:13.282 [main] DS-Algo-clicked on get started btn
[INFO ] 2023-01-07 17:33:14.368 [main] DS-Algo-Homepage open
[INFO ] 2023-01-07 17:33:16.632 [main] DS-Algo-Entered username
[INFO ] 2023-01-07 17:33:16.811 [main] DS-Algo-Entered password 
[INFO ] 2023-01-07 17:33:16.926 [main] DS-Algo-Entered confirm password
[INFO ] 2023-01-07 17:33:17.338 [main] DS-Algo-Entered username
[INFO ] 2023-01-07 17:33:17.462 [main] DS-Algo-Entered password 
[INFO ] 2023-01-07 17:33:17.575 [main] DS-Algo-Entered confirm password
[INFO ] 2023-01-07 17:33:17.990 [main] DS-Algo-Entered username
[INFO ] 2023-01-07 17:33:18.151 [main] DS-Algo-Entered password 
[INFO ] 2023-01-07 17:33:18.307 [main] DS-Algo-Entered confirm password
[INFO ] 2023-01-07 17:33:18.837 [main] DS-Algo-Entered username
[INFO ] 2023-01-07 17:33:18.999 [main] DS-Algo-Entered password 
[INFO ] 2023-01-07 17:33:19.149 [main] DS-Algo-Entered confirm password
[INFO ] 2023-01-07 17:33:19.605 [main] DS-Algo-Entered username
[INFO ] 2023-01-07 17:33:19.773 [main] DS-Algo-Entered password 
[INFO ] 2023-01-07 17:33:19.934 [main] DS-Algo-Entered confirm password
[INFO ] 2023-01-07 17:33:20.466 [main] DS-Algo-Entered username
[INFO ] 2023-01-07 17:33:20.656 [main] DS-Algo-Entered password 
[INFO ] 2023-01-07 17:33:20.948 [main] DS-Algo-Entered confirm password
[INFO ] 2023-01-07 17:33:22.876 [main] DS-Algo-user name provided
[INFO ] 2023-01-07 17:33:23.019 [main] DS-Algo-password provided
[INFO ] 2023-01-07 17:33:23.987 [main] DS-Algo-user name provided
[INFO ] 2023-01-07 17:33:24.127 [main] DS-Algo-password provided
[INFO ] 2023-01-07 17:33:24.918 [main] DS-Algo-user name provided
[INFO ] 2023-01-07 17:33:25.080 [main] DS-Algo-password provided
[INFO ] 2023-01-07 17:33:28.401 [main] DS-Algo-Message Sent 
[INFO ] 2023-01-07 17:33:31.568 [main] DS-Algo-SignOut properly 
[INFO ] 2023-01-07 17:33:32.766 [main] DS-Algo-Entered username
[INFO ] 2023-01-07 17:33:33.025 [main] DS-Algo-Entered password
[INFO ] 2023-01-07 17:33:34.139 [main] DS-Algo-VerifyLogin-Failed
[INFO ] 2023-01-07 17:33:35.611 [main] DS-Algo-Message sent succesfully
[INFO ] 2023-01-07 17:33:37.137 [main] DS-Algo-Message sent succesfully
[INFO ] 2023-01-07 17:33:39.052 [main] DS-Algo-Message sent succesfully
[INFO ] 2023-01-07 17:42:38.576 [main] DS-Algo-Url opend
[INFO ] 2023-01-07 17:42:39.735 [main] DS-Algo-clicked on get started btn
[INFO ] 2023-01-07 17:42:40.802 [main] DS-Algo-Homepage open
[INFO ] 2023-01-07 17:42:42.987 [main] DS-Algo-Entered username
[INFO ] 2023-01-07 17:42:43.107 [main] DS-Algo-Entered password 
[INFO ] 2023-01-07 17:42:43.267 [main] DS-Algo-Entered confirm password
[INFO ] 2023-01-07 17:42:43.650 [main] DS-Algo-Entered username
[INFO ] 2023-01-07 17:42:43.799 [main] DS-Algo-Entered password 
[INFO ] 2023-01-07 17:42:43.918 [main] DS-Algo-Entered confirm password
[INFO ] 2023-01-07 17:42:44.291 [main] DS-Algo-Entered username
[INFO ] 2023-01-07 17:42:44.436 [main] DS-Algo-Entered password 
[INFO ] 2023-01-07 17:42:44.571 [main] DS-Algo-Entered confirm password
[INFO ] 2023-01-07 17:42:44.994 [main] DS-Algo-Entered username
[INFO ] 2023-01-07 17:42:45.141 [main] DS-Algo-Entered password 
[INFO ] 2023-01-07 17:42:45.286 [main] DS-Algo-Entered confirm password
[INFO ] 2023-01-07 17:42:45.797 [main] DS-Algo-Entered username
[INFO ] 2023-01-07 17:42:46.030 [main] DS-Algo-Entered password 
[INFO ] 2023-01-07 17:42:46.168 [main] DS-Algo-Entered confirm password
[INFO ] 2023-01-07 17:42:46.548 [main] DS-Algo-Entered username
[INFO ] 2023-01-07 17:42:46.720 [main] DS-Algo-Entered password 
[INFO ] 2023-01-07 17:42:46.874 [main] DS-Algo-Entered confirm password
[INFO ] 2023-01-07 17:42:48.557 [main] DS-Algo-user name provided
[INFO ] 2023-01-07 17:42:48.697 [main] DS-Algo-password provided
[INFO ] 2023-01-07 17:42:49.473 [main] DS-Algo-user name provided
[INFO ] 2023-01-07 17:42:49.589 [main] DS-Algo-password provided
[INFO ] 2023-01-07 17:42:50.331 [main] DS-Algo-user name provided
[INFO ] 2023-01-07 17:42:50.485 [main] DS-Algo-password provided
[INFO ] 2023-01-07 17:42:53.201 [main] DS-Algo-Message Sent 
[INFO ] 2023-01-07 17:42:54.069 [main] DS-Algo-SignOut properly 
[INFO ] 2023-01-07 17:42:55.091 [main] DS-Algo-Entered username
[INFO ] 2023-01-07 17:42:55.685 [main] DS-Algo-Entered password
[INFO ] 2023-01-07 17:42:57.350 [main] DS-Algo-VerifyLogin-Failed
[INFO ] 2023-01-07 17:42:58.987 [main] DS-Algo-Message sent succesfully
[INFO ] 2023-01-07 17:43:00.483 [main] DS-Algo-Message sent succesfully
[INFO ] 2023-01-07 17:43:02.333 [main] DS-Algo-Message sent succesfully
